Version 6/ProyectoCuy/app/build/intermediates/manifest_merge_blame_file/debug/manifest-merger-blame-debug-report.txt
1<?xml version="1.0" encoding="utf-8"?>
2<manifest xmlns:android="http://schemas.android.com/apk/res/android"
3    package="com.example.proyectocuy"
4    android:versionCode="1"
5    android:versionName="1.0" >
6
7    <uses-sdk
8        android:minSdkVersion="23"
8-->src\main\AndroidManifest.xml
9        android:targetSdkVersion="30" />
9-->src\main\AndroidManifest.xml
10
11    <uses-permission android:name="android.permission.INTERNET" />
11-->src\main\AndroidManifest.xml:5:5-67
11-->src\main\AndroidManifest.xml:5:22-64
12
13    <application
13-->src\main\AndroidManifest.xml:7:5-35:19
14        android:allowBackup="true"
14-->src\main\AndroidManifest.xml:8:9-35
15        android:appComponentFactory="androidx.core.app.CoreComponentFactory"
15-->[androidx.core:core:1.3.1] AndroidManifest.xml:24:18-86
16        android:debuggable="true"
17        android:extractNativeLibs="false"
18        android:icon="@mipmap/ic_launcher"
18-->src\main\AndroidManifest.xml:9:9-43
19        android:label="@string/app_name"
19-->src\main\AndroidManifest.xml:10:9-41
20        android:roundIcon="@mipmap/ic_launcher_round"
20-->src\main\AndroidManifest.xml:11:9-54
21        android:supportsRtl="true"
21-->src\main\AndroidManifest.xml:12:9-35
22        android:testOnly="true"
23        android:theme="@style/Theme.AppCompat.Light.NoActionBar" >
23-->src\main\AndroidManifest.xml:13:9-65
24        <activity android:name="com.example.proyectocuy.MenuPrincipal" />
24-->src\main\AndroidManifest.xml:14:9-60
24-->src\main\AndroidManifest.xml:14:19-48
25        <activity android:name="com.example.proyectocuy.PozPadrilloRecomend" />
25-->src\main\AndroidManifest.xml:15:9-57
25-->src\main\AndroidManifest.xml:15:19-54
26        <activity android:name="com.example.proyectocuy.PozRecriaRecomend" />
26-->src\main\AndroidManifest.xml:16:9-55
26-->src\main\AndroidManifest.xml:16:19-52
27        <activity android:name="com.example.proyectocuy.PozEngordeRecomend" />
27-->src\main\AndroidManifest.xml:17:9-56
27-->src\main\AndroidManifest.xml:17:19-53
28        <activity android:name="com.example.proyectocuy.PozEmpadreRecomend" />
28-->src\main\AndroidManifest.xml:18:9-56
28-->src\main\AndroidManifest.xml:18:19-53
29        <activity android:name="com.example.proyectocuy.OpcionCrearPoza" />
29-->src\main\AndroidManifest.xml:19:9-53
29-->src\main\AndroidManifest.xml:19:19-50
30        <activity android:name="com.example.proyectocuy.DistribucionRecomendado" />
30-->src\main\AndroidManifest.xml:20:9-61
30-->src\main\AndroidManifest.xml:20:19-58
31        <activity android:name="com.example.proyectocuy.Prueba" />
31-->src\main\AndroidManifest.xml:21:9-44
31-->src\main\AndroidManifest.xml:21:19-41
32        <activity android:name="com.example.proyectocuy.RegistroCuy" />
32-->src\main\AndroidManifest.xml:22:9-49
32-->src\main\AndroidManifest.xml:22:19-46
33        <activity android:name="com.example.proyectocuy.ConsultarUsuario" />
33-->src\main\AndroidManifest.xml:23:9-54
33-->src\main\AndroidManifest.xml:23:19-51
34        <activity android:name="com.example.proyectocuy.Usuario" />
34-->src\main\AndroidManifest.xml:24:9-45
34-->src\main\AndroidManifest.xml:24:19-42
35        <activity android:name="com.example.proyectocuy.ContrasenaOlvidada" />
35-->src\main\AndroidManifest.xml:25:9-56
35-->src\main\AndroidManifest.xml:25:19-53
36        <activity android:name="com.example.proyectocuy.InicioCorreo" />
36-->src\main\AndroidManifest.xml:26:9-50
36-->src\main\AndroidManifest.xml:26:19-47
37        <activity android:name="com.example.proyectocuy.Splash" >
37-->src\main\AndroidManifest.xml:27:9-33:20
37-->src\main\AndroidManifest.xml:27:19-41
38            <intent-filter>
38-->src\main\AndroidManifest.xml:28:13-32:29
39                <action android:name="android.intent.action.MAIN" />
39-->src\main\AndroidManifest.xml:29:17-69
39-->src\main\AndroidManifest.xml:29:25-66
40
41                <category android:name="android.intent.category.LAUNCHER" />
41-->src\main\AndroidManifest.xml:31:17-77
41-->src\main\AndroidManifest.xml:31:27-74
42            </intent-filter>
43        </activity>
44        <activity android:name="com.example.proyectocuy.MainActivity" />
44-->src\main\AndroidManifest.xml:34:9-50
44-->src\main\AndroidManifest.xml:34:19-47
45        <activity
45-->[com.google.android.gms:play-services-auth:18.1.0] AndroidManifest.xml:23:9-27:75
46            android:name="com.google.android.gms.auth.api.signin.internal.SignInHubActivity"
46-->[com.google.android.gms:play-services-auth:18.1.0] AndroidManifest.xml:24:13-93
47            android:excludeFromRecents="true"
47-->[com.google.android.gms:play-services-auth:18.1.0] AndroidManifest.xml:25:13-46
48            android:exported="false"
48-->[com.google.android.gms:play-services-auth:18.1.0] AndroidManifest.xml:26:13-37
49            android:theme="@android:style/Theme.Translucent.NoTitleBar" />
49-->[com.google.android.gms:play-services-auth:18.1.0] AndroidManifest.xml:27:13-72
50        <!--
51            Service handling Google Sign-In user revocation. For apps that do not integrate with
52            Google Sign-In, this service will never be started.
53        -->
54        <service
54-->[com.google.android.gms:play-services-auth:18.1.0] AndroidManifest.xml:33:9-37:51
55            android:name="com.google.android.gms.auth.api.signin.RevocationBoundService"
55-->[com.google.android.gms:play-services-auth:18.1.0] AndroidManifest.xml:34:13-89
56            android:exported="true"
56-->[com.google.android.gms:play-services-auth:18.1.0] AndroidManifest.xml:35:13-36
57            android:permission="com.google.android.gms.auth.api.signin.permission.REVOCATION_NOTIFICATION"
57-->[com.google.android.gms:play-services-auth:18.1.0] AndroidManifest.xml:36:13-107
58            android:visibleToInstantApps="true" />
58-->[com.google.android.gms:play-services-auth:18.1.0] AndroidManifest.xml:37:13-48
59
60        <activity
60-->[com.google.android.gms:play-services-base:17.1.0] AndroidManifest.xml:23:9-26:75
61            android:name="com.google.android.gms.common.api.GoogleApiActivity"
61-->[com.google.android.gms:play-services-base:17.1.0] AndroidManifest.xml:24:13-79
62            android:exported="false"
62-->[com.google.android.gms:play-services-base:17.1.0] AndroidManifest.xml:25:13-37
63            android:theme="@android:style/Theme.Translucent.NoTitleBar" />
63-->[com.google.android.gms:play-services-base:17.1.0] AndroidManifest.xml:26:13-72
64
65        <meta-data
65-->[com.google.android.gms:play-services-basement:17.1.1] AndroidManifest.xml:23:9-25:69
66            android:name="com.google.android.gms.version"
66-->[com.google.android.gms:play-services-basement:17.1.1] AndroidManifest.xml:24:13-58
67            android:value="@integer/google_play_services_version" />
67-->[com.google.android.gms:play-services-basement:17.1.1] AndroidManifest.xml:25:13-66
68    </application>
69
70</manifest>